Сборка начата 15.12.2020 19:13:03.
     1>Проект "D:\УЧЕБА 2 КУРС\КУРСОВОЙ_ПРОЕКИ\FVY_2020\FVY_2020.vcxproj" в узле 2 (целевые объекты Build).
     1>PrepareForBuild:
         Создание каталога "Debug\FVY_2020.tlog\".
       InitializeBuildStatus:
         Создание "Debug\FVY_2020.tlog\unsuccessfulbuild", так как было задано "AlwaysCreate".
       ClCompile:
         C:\Program Files (x86)\Microsoft Visual Studio\Новая папка\VC\Tools\MSVC\14.22.27905\bin\HostX86\x86\CL.exe /c /ZI /JMC /nologo /W3 /WX- /diagnostics:column /sdl /Od /Oy- /D WIN32 /D _DEBUG /D _CONSOLE /D _UNICODE /D UNICODE /Gm- /EHsc /RTC1 /MDd /GS /fp:precise /permissive- /Zc:wchar_t /Zc:forScope /Zc:inline /Fo"Debug\\" /Fd"Debug\vc142.pdb" /Gd /TP /analyze- /FC /errorReport:prompt Error.cpp FST.cpp "FVY-2020.cpp" Generator.cpp GRB.cpp In.cpp IT.cpp LexAnaliz.cpp Log.cpp LT.cpp MFST.cpp Parm.cpp PolishNotation.cpp SemanticAnaliz.cpp
         Error.cpp
     1>D:\УЧЕБА 2 КУРС\КУРСОВОЙ_ПРОЕКИ\FVY_2020\Error.cpp(32,3): warning C4002:  слишком много аргументов для вызова макроса, подобного функции, "ERROR_ENTRY_NODEF"
         FST.cpp
     1>D:\УЧЕБА 2 КУРС\КУРСОВОЙ_ПРОЕКИ\FVY_2020\Error.cpp(33,3): warning C4002:  слишком много аргументов для вызова макроса, подобного функции, "ERROR_ENTRY_NODEF"
     1>D:\УЧЕБА 2 КУРС\КУРСОВОЙ_ПРОЕКИ\FVY_2020\FST.cpp(25,24): warning C4018:  <: несоответствие типов со знаком и без знака
         FVY-2020.cpp
         Generator.cpp
     1>D:\УЧЕБА 2 КУРС\КУРСОВОЙ_ПРОЕКИ\FVY_2020\FST.cpp(77,38): warning C4267:  инициализация: преобразование из "size_t" в "short"; возможна потеря данных
         GRB.cpp
         In.cpp
     1>D:\УЧЕБА 2 КУРС\КУРСОВОЙ_ПРОЕКИ\FVY_2020\Generator.cpp(49,8): warning C4101:  gen_ok: неиспользованная локальная переменная
         IT.cpp
     1>D:\УЧЕБА 2 КУРС\КУРСОВОЙ_ПРОЕКИ\FVY_2020\In.cpp(93,8): warning C4101:  flagplus: неиспользованная локальная переменная
         LexAnaliz.cpp
         Log.cpp
         LT.cpp
         MFST.cpp
     1>D:\УЧЕБА 2 КУРС\КУРСОВОЙ_ПРОЕКИ\FVY_2020\IT.cpp(62,22): warning C4018:  <: несоответствие типов со знаком и без знака
         Parm.cpp
         PolishNotation.cpp
         SemanticAnaliz.cpp
         Создание кода...
     1>D:\УЧЕБА 2 КУРС\КУРСОВОЙ_ПРОЕКИ\FVY_2020\MFST.cpp(241,68): warning C4267:  =: преобразование из "size_t" в "short"; возможна потеря данных
       Link:
         C:\Program Files (x86)\Microsoft Visual Studio\Новая папка\VC\Tools\MSVC\14.22.27905\bin\HostX86\x86\link.exe /ERRORREPORT:PROMPT /OUT:"D:\УЧЕБА 2 КУРС\КУРСОВОЙ_ПРОЕКИ\FVY_2020\Debug\FVY_2020.exe" /INCREMENTAL /NOLOGO kernel32.lib user32.lib gdi32.lib winspool.lib comdlg32.lib advapi32.lib shell32.lib ole32.lib oleaut32.lib uuid.lib odbc32.lib odbccp32.lib /MANIFEST /MANIFESTUAC:"level='asInvoker' uiAccess='false'" /manifest:embed /DEBUG:FASTLINK /PDB:"D:\УЧЕБА 2 КУРС\КУРСОВОЙ_ПРОЕКИ\FVY_2020\Debug\FVY_2020.pdb" /SUBSYSTEM:CONSOLE /TLBID:1 /DYNAMICBASE /NXCOMPAT /IMPLIB:"D:\УЧЕБА 2 КУРС\КУРСОВОЙ_ПРОЕКИ\FVY_2020\Debug\FVY_2020.lib" /MACHINE:X86 Debug\Error.obj
         Debug\FST.obj
         "Debug\FVY-2020.obj"
         Debug\Generator.obj
         Debug\GRB.obj
         Debug\In.obj
         Debug\IT.obj
         Debug\LexAnaliz.obj
         Debug\Log.obj
         Debug\LT.obj
         Debug\MFST.obj
         Debug\Parm.obj
         Debug\PolishNotation.obj
         Debug\SemanticAnaliz.obj
         FVY_2020.vcxproj -> D:\УЧЕБА 2 КУРС\КУРСОВОЙ_ПРОЕКИ\FVY_2020\Debug\FVY_2020.exe
       FinalizeBuildStatus:
         Файл "Debug\FVY_2020.tlog\unsuccessfulbuild" удаляется.
         Обращение к "Debug\FVY_2020.tlog\FVY_2020.lastbuildstate".
     1>Сборка проекта "D:\УЧЕБА 2 КУРС\КУРСОВОЙ_ПРОЕКИ\FVY_2020\FVY_2020.vcxproj" завершена (целевые объекты Build).

Сборка успешно завершена.

       "D:\УЧЕБА 2 КУРС\КУРСОВОЙ_ПРОЕКИ\FVY_2020\FVY_2020.vcxproj" (целевой объект Build ) (1) ->
       (Целевой объект ClCompile) -> 
         D:\УЧЕБА 2 КУРС\КУРСОВОЙ_ПРОЕКИ\FVY_2020\Error.cpp(32,3): warning C4002:  слишком много аргументов для вызова макроса, подобного функции, "ERROR_ENTRY_NODEF"
         D:\УЧЕБА 2 КУРС\КУРСОВОЙ_ПРОЕКИ\FVY_2020\Error.cpp(33,3): warning C4002:  слишком много аргументов для вызова макроса, подобного функции, "ERROR_ENTRY_NODEF"
         D:\УЧЕБА 2 КУРС\КУРСОВОЙ_ПРОЕКИ\FVY_2020\FST.cpp(25,24): warning C4018:  <: несоответствие типов со знаком и без знака
         D:\УЧЕБА 2 КУРС\КУРСОВОЙ_ПРОЕКИ\FVY_2020\FST.cpp(77,38): warning C4267:  инициализация: преобразование из "size_t" в "short"; возможна потеря данных
         D:\УЧЕБА 2 КУРС\КУРСОВОЙ_ПРОЕКИ\FVY_2020\Generator.cpp(49,8): warning C4101:  gen_ok: неиспользованная локальная переменная
         D:\УЧЕБА 2 КУРС\КУРСОВОЙ_ПРОЕКИ\FVY_2020\In.cpp(93,8): warning C4101:  flagplus: неиспользованная локальная переменная
         D:\УЧЕБА 2 КУРС\КУРСОВОЙ_ПРОЕКИ\FVY_2020\IT.cpp(62,22): warning C4018:  <: несоответствие типов со знаком и без знака
         D:\УЧЕБА 2 КУРС\КУРСОВОЙ_ПРОЕКИ\FVY_2020\MFST.cpp(241,68): warning C4267:  =: преобразование из "size_t" в "short"; возможна потеря данных

    Предупреждений: 8
    Ошибок: 0

Прошло времени 00:00:10.73
