Сборка начата 17.12.2020 14:13:16.
     1>Проект "D:\УЧЕБА 2 КУРС\КУРСОВОЙ_ПРОЕКИ\FVY_2020\FVY_2020.vcxproj" в узле 2 (целевые объекты Build).
     1>InitializeBuildStatus:
         Создание "Debug\FVY_2020.tlog\unsuccessfulbuild", так как было задано "AlwaysCreate".
       ClCompile:
         C:\Program Files (x86)\Microsoft Visual Studio\Новая папка\VC\Tools\MSVC\14.22.27905\bin\HostX86\x86\CL.exe /c /ZI /JMC /nologo /W3 /WX- /diagnostics:column /sdl /Od /Oy- /D WIN32 /D _DEBUG /D _CONSOLE /D _UNICODE /D UNICODE /Gm- /EHsc /RTC1 /MDd /GS /fp:precise /permissive- /Zc:wchar_t /Zc:forScope /Zc:inline /Fo"Debug\\" /Fd"Debug\vc142.pdb" /Gd /TP /analyze- /FC /errorReport:prompt LexAnaliz.cpp
         LexAnaliz.cpp
       Link:
         C:\Program Files (x86)\Microsoft Visual Studio\Новая папка\VC\Tools\MSVC\14.22.27905\bin\HostX86\x86\link.exe /ERRORREPORT:PROMPT /OUT:"D:\УЧЕБА 2 КУРС\КУРСОВОЙ_ПРОЕКИ\FVY_2020\Debug\FVY_2020.exe" /INCREMENTAL /NOLOGO kernel32.lib user32.lib gdi32.lib winspool.lib comdlg32.lib advapi32.lib shell32.lib ole32.lib oleaut32.lib uuid.lib odbc32.lib odbccp32.lib /MANIFEST /MANIFESTUAC:"level='asInvoker' uiAccess='false'" /manifest:embed /DEBUG:FASTLINK /PDB:"D:\УЧЕБА 2 КУРС\КУРСОВОЙ_ПРОЕКИ\FVY_2020\Debug\FVY_2020.pdb" /SUBSYSTEM:CONSOLE /TLBID:1 /DYNAMICBASE /NXCOMPAT /IMPLIB:"D:\УЧЕБА 2 КУРС\КУРСОВОЙ_ПРОЕКИ\FVY_2020\Debug\FVY_2020.lib" /MACHINE:X86 Debug\Error.obj
         Debug\FST.obj
         "Debug\FVY-2020.obj"
         Debug\Generator.obj
         Debug\GRB.obj
         Debug\In.obj
         Debug\IT.obj
         Debug\LexAnaliz.obj
         Debug\Log.obj
         Debug\LT.obj
         Debug\MFST.obj
         Debug\Parm.obj
         Debug\PolishNotation.obj
         Debug\SemanticAnaliz.obj
         FVY_2020.vcxproj -> D:\УЧЕБА 2 КУРС\КУРСОВОЙ_ПРОЕКИ\FVY_2020\Debug\FVY_2020.exe
       FinalizeBuildStatus:
         Файл "Debug\FVY_2020.tlog\unsuccessfulbuild" удаляется.
         Обращение к "Debug\FVY_2020.tlog\FVY_2020.lastbuildstate".
     1>Сборка проекта "D:\УЧЕБА 2 КУРС\КУРСОВОЙ_ПРОЕКИ\FVY_2020\FVY_2020.vcxproj" завершена (целевые объекты Build).

Сборка успешно завершена.
    Предупреждений: 0
    Ошибок: 0

Прошло времени 00:00:04.96
